Using pre-set license
Built from '2022.3/staging' branch; Version is '2022.3.7f1 (b16b3b16c7a0) revision 11627323'; Using compiler version '192829333'; Build Type 'Release'
OS: 'Windows 10  (10.0.19045) 64bit Core' Language: 'en' Physical Memory: 16281 MB
BatchMode: 1, IsHumanControllingUs: 0, StartBugReporterOnCrash: 0, Is64bit: 1, IsPro: 1

COMMAND LINE ARGUMENTS:
C:\Program Files\Unity\Hub\Editor\2022.3.7f1\Editor\Unity.exe
-adb2
-batchMode
-noUpm
-name
AssetImportWorker1
-projectPath
C:/Gitdata/GAME/Game_02
-logFile
Logs/AssetImportWorker1.log
-srvPort
54095
Successfully changed project path to: C:/Gitdata/GAME/Game_02
C:/Gitdata/GAME/Game_02
[UnityMemory] Configuration Parameters - Can be set up in boot.config
    "memorysetup-bucket-allocator-granularity=16"
    "memorysetup-bucket-allocator-bucket-count=8"
    "memorysetup-bucket-allocator-block-size=33554432"
    "memorysetup-bucket-allocator-block-count=8"
    "memorysetup-main-allocator-block-size=16777216"
    "memorysetup-thread-allocator-block-size=16777216"
    "memorysetup-gfx-main-allocator-block-size=16777216"
    "memorysetup-gfx-thread-allocator-block-size=16777216"
    "memorysetup-cache-allocator-block-size=4194304"
    "memorysetup-typetree-allocator-block-size=2097152"
    "memorysetup-profiler-bucket-allocator-granularity=16"
    "memorysetup-profiler-bucket-allocator-bucket-count=8"
    "memorysetup-profiler-bucket-allocator-block-size=33554432"
    "memorysetup-profiler-bucket-allocator-block-count=8"
    "memorysetup-profiler-allocator-block-size=16777216"
    "memorysetup-profiler-editor-allocator-block-size=1048576"
    "memorysetup-temp-allocator-size-main=16777216"
    "memorysetup-job-temp-allocator-block-size=2097152"
    "memorysetup-job-temp-allocator-block-size-background=1048576"
    "memorysetup-job-temp-allocator-reduction-small-platforms=262144"
    "memorysetup-allocator-temp-initial-block-size-main=262144"
    "memorysetup-allocator-temp-initial-block-size-worker=262144"
    "memorysetup-temp-allocator-size-background-worker=32768"
    "memorysetup-temp-allocator-size-job-worker=262144"
    "memorysetup-temp-allocator-size-preload-manager=33554432"
    "memorysetup-temp-allocator-size-nav-mesh-worker=65536"
    "memorysetup-temp-allocator-size-audio-worker=65536"
    "memorysetup-temp-allocator-size-cloud-worker=32768"
    "memorysetup-temp-allocator-size-gi-baking-worker=262144"
    "memorysetup-temp-allocator-size-gfx=262144"
Player connection [6652] Host "[IP] 192.168.1.12 [Port] 0 [Flags] 2 [Guid] 3636225540 [EditorId] 3636225540 [Version] 1048832 [Id] WindowsEditor(7,DESKTOP-0VRKVOB) [Debug] 1 [PackageName] WindowsEditor [ProjectName] Editor" joined multi-casting on [225.0.0.222:54997]...

Player connection [6652] Host "[IP] 192.168.1.12 [Port] 0 [Flags] 2 [Guid] 3636225540 [EditorId] 3636225540 [Version] 1048832 [Id] WindowsEditor(7,DESKTOP-0VRKVOB) [Debug] 1 [PackageName] WindowsEditor [ProjectName] Editor" joined alternative multi-casting on [225.0.0.222:34997]...

Refreshing native plugins compatible for Editor in 12.81 ms, found 3 plugins.
Preloading 0 native plugins for Editor in 0.00 ms.
Initialize engine version: 2022.3.7f1 (b16b3b16c7a0)
[Subsystems] Discovering subsystems at path C:/Program Files/Unity/Hub/Editor/2022.3.7f1/Editor/Data/Resources/UnitySubsystems
[Subsystems] Discovering subsystems at path C:/Gitdata/GAME/Game_02/Assets
GfxDevice: creating device client; threaded=0; jobified=0
Direct3D:
    Version:  Direct3D 11.0 [level 11.1]
    Renderer: Radeon Pro 555 (ID=0x67ef)
    Vendor:   ATI
    VRAM:     1996 MB
    Driver:   22.19.128.1
Initialize mono
Mono path[0] = 'C:/Program Files/Unity/Hub/Editor/2022.3.7f1/Editor/Data/Managed'
Mono path[1] = 'C:/Program Files/Unity/Hub/Editor/2022.3.7f1/Editor/Data/MonoBleedingEdge/lib/mono/unityjit-win32'
Mono config path = 'C:/Program Files/Unity/Hub/Editor/2022.3.7f1/Editor/Data/MonoBleedingEdge/etc'
Using monoOptions --debugger-agent=transport=dt_socket,embedding=1,server=y,suspend=n,address=127.0.0.1:56932
Begin MonoManager ReloadAssembly
Registering precompiled unity dll's ...
Register platform support module: C:/Program Files/Unity/Hub/Editor/2022.3.7f1/Editor/Data/PlaybackEngines/WebGLSupport/UnityEditor.WebGL.Extensions.dll
Register platform support module: C:/Program Files/Unity/Hub/Editor/2022.3.7f1/Editor/Data/PlaybackEngines/WindowsStandaloneSupport/UnityEditor.WindowsStandalone.Extensions.dll
Registered in 0.018693 seconds.
- Loaded All Assemblies, in  0.631 seconds
Native extension for WindowsStandalone target not found
Native extension for WebGL target not found
Mono: successfully reloaded assembly
- Finished resetting the current domain, in  0.434 seconds
Domain Reload Profiling: 1062ms
	BeginReloadAssembly (178ms)
		ExecutionOrderSort (0ms)
		DisableScriptedObjects (0ms)
		BackupInstance (0ms)
		ReleaseScriptingObjects (0ms)
		CreateAndSetChildDomain (1ms)
	RebuildCommonClasses (64ms)
	RebuildNativeTypeToScriptingClass (19ms)
	initialDomainReloadingComplete (106ms)
	LoadAllAssembliesAndSetupDomain (261ms)
		LoadAssemblies (175ms)
		RebuildTransferFunctionScriptingTraits (0ms)
		AnalyzeDomain (258ms)
			TypeCache.Refresh (256ms)
				TypeCache.ScanAssembly (233ms)
			ScanForSourceGeneratedMonoScriptInfo (1ms)
			ResolveRequiredComponents (1ms)
	FinalizeReload (434ms)
		ReleaseScriptCaches (0ms)
		RebuildScriptCaches (0ms)
		SetupLoadedEditorAssemblies (339ms)
			LogAssemblyErrors (0ms)
			InitializePlatformSupportModulesInManaged (17ms)
			SetLoadedEditorAssemblies (8ms)
			RefreshPlugins (0ms)
			BeforeProcessingInitializeOnLoad (3ms)
			ProcessInitializeOnLoadAttributes (229ms)
			ProcessInitializeOnLoadMethodAttributes (82ms)
			AfterProcessingInitializeOnLoad (0ms)
			EditorAssembliesLoaded (0ms)
		ExecutionOrderSort2 (0ms)
		AwakeInstancesAfterBackupRestoration (0ms)
========================================================================
Worker process is ready to serve import requests
Begin MonoManager ReloadAssembly
Symbol file LoadedFromMemory doesn't match image C:\Gitdata\GAME\Game_02\Library\PackageCache\com.unity.visualscripting@1.8.0\Editor\VisualScripting.Core\Dependencies\YamlDotNet\Unity.VisualScripting.YamlDotNet.dll
Symbol file LoadedFromMemory doesn't match image C:\Gitdata\GAME\Game_02\Library\PackageCache\com.unity.visualscripting@1.8.0\Editor\VisualScripting.Core\Dependencies\DotNetZip\Unity.VisualScripting.IonicZip.dll
- Loaded All Assemblies, in  1.045 seconds
Refreshing native plugins compatible for Editor in 5.76 ms, found 3 plugins.
Native extension for WindowsStandalone target not found
Native extension for WebGL target not found
Mono: successfully reloaded assembly
- Finished resetting the current domain, in  0.822 seconds
Domain Reload Profiling: 1864ms
	BeginReloadAssembly (249ms)
		ExecutionOrderSort (0ms)
		DisableScriptedObjects (9ms)
		BackupInstance (0ms)
		ReleaseScriptingObjects (0ms)
		CreateAndSetChildDomain (34ms)
	RebuildCommonClasses (65ms)
	RebuildNativeTypeToScriptingClass (19ms)
	initialDomainReloadingComplete (76ms)
	LoadAllAssembliesAndSetupDomain (633ms)
		LoadAssemblies (456ms)
		RebuildTransferFunctionScriptingTraits (0ms)
		AnalyzeDomain (319ms)
			TypeCache.Refresh (283ms)
				TypeCache.ScanAssembly (258ms)
			ScanForSourceGeneratedMonoScriptInfo (25ms)
			ResolveRequiredComponents (9ms)
	FinalizeReload (823ms)
		ReleaseScriptCaches (0ms)
		RebuildScriptCaches (0ms)
		SetupLoadedEditorAssemblies (569ms)
			LogAssemblyErrors (0ms)
			InitializePlatformSupportModulesInManaged (15ms)
			SetLoadedEditorAssemblies (7ms)
			RefreshPlugins (0ms)
			BeforeProcessingInitializeOnLoad (104ms)
			ProcessInitializeOnLoadAttributes (398ms)
			ProcessInitializeOnLoadMethodAttributes (31ms)
			AfterProcessingInitializeOnLoad (13ms)
			EditorAssembliesLoaded (0ms)
		ExecutionOrderSort2 (0ms)
		AwakeInstancesAfterBackupRestoration (11ms)
Launched and connected shader compiler UnityShaderCompiler.exe after 0.07 seconds
Refreshing native plugins compatible for Editor in 5.33 ms, found 3 plugins.
Preloading 0 native plugins for Editor in 0.00 ms.
Unloading 3066 Unused Serialized files (Serialized files now loaded: 0)
Unloading 31 unused Assets / (56.4 KB). Loaded Objects now: 3528.
Memory consumption went from 113.6 MB to 113.5 MB.
Total: 4.560000 ms (FindLiveObjects: 0.342100 ms CreateObjectMapping: 0.352000 ms MarkObjects: 3.745100 ms  DeleteObjects: 0.119400 ms)

AssetImportParameters requested are different than current active one (requested -> active):
  custom:container-demuxer-ogg: 62fdf1f143b41e24485cea50d1cbac27 -> 
  custom:video-decoder-ogg-theora: a1e56fd34408186e4bbccfd4996cb3dc -> 
  custom:framework-win-MediaFoundation: 216162199b28c13a410421893ffa2e32 -> 
  custom:CustomObjectIndexerAttribute: 756ad292c208cfabdd7b50bc23989ffe -> 
  custom:container-demuxer-webm: 4f35f7cbe854078d1ac9338744f61a02 -> 
  custom:container-muxer-webm: aa71ff27fc2769a1b78a27578f13a17b -> 
  custom:video-decoder-webm-vp8: 9c59270c3fd7afecdb556c50c9e8de78 -> 
  custom:SearchIndexIgnoredProperties: e643bd26f0fe6173181afceb89e7c659 -> 
  custom:AudioImporter_EditorPlatform: d09bf68614088b80899f8185d706f6e7 -> 
  custom:video-encoder-webm-vp8: eb34c28f22e8b96e1ab97ce403110664 -> 
  custom:audio-decoder-ogg-vorbis: bf7c407c2cedff20999df2af8eb42d56 -> 
  custom:audio-encoder-webm-vorbis: bf7c407c2cedff20999df2af8eb42d56 -> 
========================================================================
Received Import Request.
  Time since last request: 1122.967305 seconds.
  path: Assets/Sprites/UI/SwitchBackground.png
  artifactKey: Guid(6dfaf85ae68bc4d498e06ec2b028c1c0) Importer(815301076,1909f56bfc062723c751e8b465ee728b)
Start importing Assets/Sprites/UI/SwitchBackground.png using Guid(6dfaf85ae68bc4d498e06ec2b028c1c0) Importer(815301076,1909f56bfc062723c751e8b465ee728b)  -> (artifact id: '79ed5d3109e319ec8ed623f80855b062') in 0.191095 seconds
Number of updated asset objects reloaded before import = 0
Number of asset objects unloaded after import = 3
========================================================================
Received Import Request.
  Time since last request: 0.000042 seconds.
  path: Assets/Sprites/UI/Money.png
  artifactKey: Guid(b9c0159fdff48c14fbd9637825f5e14b) Importer(815301076,1909f56bfc062723c751e8b465ee728b)
Start importing Assets/Sprites/UI/Money.png using Guid(b9c0159fdff48c14fbd9637825f5e14b) Importer(815301076,1909f56bfc062723c751e8b465ee728b)  -> (artifact id: '8bffe959a9ad3173d0beb17c2b2eb105') in 0.038481 seconds
Number of updated asset objects reloaded before import = 0
Number of asset objects unloaded after import = 3
========================================================================
Received Import Request.
  Time since last request: 0.000024 seconds.
  path: Assets/Sprites/UI/Time.png
  artifactKey: Guid(b9cda54d6f9695a46941e268216710d3) Importer(815301076,1909f56bfc062723c751e8b465ee728b)
Start importing Assets/Sprites/UI/Time.png using Guid(b9cda54d6f9695a46941e268216710d3) Importer(815301076,1909f56bfc062723c751e8b465ee728b)  -> (artifact id: 'fe0dd8fc5a16dde3b3b166268d820efa') in 0.047941 seconds
Number of updated asset objects reloaded before import = 0
Number of asset objects unloaded after import = 3
========================================================================
Received Import Request.
  Time since last request: 0.000025 seconds.
  path: Assets/Sprites/UI/Frame E.png
  artifactKey: Guid(2880d8a2c4cf0774db76e2547c46e89b) Importer(815301076,1909f56bfc062723c751e8b465ee728b)
Start importing Assets/Sprites/UI/Frame E.png using Guid(2880d8a2c4cf0774db76e2547c46e89b) Importer(815301076,1909f56bfc062723c751e8b465ee728b)  -> (artifact id: 'ee449ee97efa8c8cbfe23407288d9052') in 0.065413 seconds
Number of updated asset objects reloaded before import = 0
Number of asset objects unloaded after import = 3
========================================================================
Received Import Request.
  Time since last request: 0.000019 seconds.
  path: Assets/Sprites/UI/Fantasy Toon Solid.ttf
  artifactKey: Guid(b1ab9ba056cddf64e842f2572cfe3fa7) Importer(815301076,1909f56bfc062723c751e8b465ee728b)
Start importing Assets/Sprites/UI/Fantasy Toon Solid.ttf using Guid(b1ab9ba056cddf64e842f2572cfe3fa7) Importer(815301076,1909f56bfc062723c751e8b465ee728b)  -> (artifact id: '82edcee500c451785398c2ad56fa0774') in 0.093357 seconds
Number of updated asset objects reloaded before import = 0
Number of asset objects unloaded after import = 4
========================================================================
Received Import Request.
  Time since last request: 0.000027 seconds.
  path: Assets/Sprites/UI/Button A.png
  artifactKey: Guid(341b6a35e9e04794ba14812ce1418349) Importer(815301076,1909f56bfc062723c751e8b465ee728b)
Start importing Assets/Sprites/UI/Button A.png using Guid(341b6a35e9e04794ba14812ce1418349) Importer(815301076,1909f56bfc062723c751e8b465ee728b)  -> (artifact id: 'a19789c4b56d794d91b59fa510fe8efe') in 0.040274 seconds
Number of updated asset objects reloaded before import = 0
Number of asset objects unloaded after import = 3
========================================================================
Received Import Request.
  Time since last request: 0.000029 seconds.
  path: Assets/Sprites/UI/95%.png
  artifactKey: Guid(4803b9a2d688fff45b9d28e825f2bd3b) Importer(815301076,1909f56bfc062723c751e8b465ee728b)
Start importing Assets/Sprites/UI/95%.png using Guid(4803b9a2d688fff45b9d28e825f2bd3b) Importer(815301076,1909f56bfc062723c751e8b465ee728b)  -> (artifact id: '49e4907d50b69bc5049059b800b4b469') in 0.049127 seconds
Number of updated asset objects reloaded before import = 0
Number of asset objects unloaded after import = 3
========================================================================
Received Import Request.
  Time since last request: 0.000023 seconds.
  path: Assets/Sprites/UI/Seperator 1.png
  artifactKey: Guid(ff411043b5e747149a72e5afac9f62df) Importer(815301076,1909f56bfc062723c751e8b465ee728b)
Start importing Assets/Sprites/UI/Seperator 1.png using Guid(ff411043b5e747149a72e5afac9f62df) Importer(815301076,1909f56bfc062723c751e8b465ee728b)  -> (artifact id: '10893626725f8560b69d3a2010d001c9') in 0.045325 seconds
Number of updated asset objects reloaded before import = 0
Number of asset objects unloaded after import = 3
========================================================================
Received Import Request.
  Time since last request: 0.000023 seconds.
  path: Assets/Sprites/UI/Seperator.png
  artifactKey: Guid(2566209faeea99a4f8af81fc5c0261b0) Importer(815301076,1909f56bfc062723c751e8b465ee728b)
Start importing Assets/Sprites/UI/Seperator.png using Guid(2566209faeea99a4f8af81fc5c0261b0) Importer(815301076,1909f56bfc062723c751e8b465ee728b)  -> (artifact id: 'f47f4fa1b73d698ab750156319561fe2') in 0.045414 seconds
Number of updated asset objects reloaded before import = 0
Number of asset objects unloaded after import = 3
========================================================================
Received Import Request.
  Time since last request: 0.000025 seconds.
  path: Assets/Sprites/UI/Gear.png
  artifactKey: Guid(c1b4e3c3e2d4e9f4398f7ef45861d531) Importer(815301076,1909f56bfc062723c751e8b465ee728b)
Start importing Assets/Sprites/UI/Gear.png using Guid(c1b4e3c3e2d4e9f4398f7ef45861d531) Importer(815301076,1909f56bfc062723c751e8b465ee728b)  -> (artifact id: '27dc699dc0740688c04121dc030a1bb6') in 0.049512 seconds
Number of updated asset objects reloaded before import = 0
Number of asset objects unloaded after import = 3
========================================================================
Received Import Request.
  Time since last request: 0.000024 seconds.
  path: Assets/Sprites/UI/Window Border.png
  artifactKey: Guid(a3709261a27fc194c88eff99b0ac7f26) Importer(815301076,1909f56bfc062723c751e8b465ee728b)
Start importing Assets/Sprites/UI/Window Border.png using Guid(a3709261a27fc194c88eff99b0ac7f26) Importer(815301076,1909f56bfc062723c751e8b465ee728b)  -> (artifact id: '2ca0da9083f7d9dafcac1dd4e2ced902') in 0.046680 seconds
Number of updated asset objects reloaded before import = 0
Number of asset objects unloaded after import = 3
========================================================================
Received Import Request.
  Time since last request: 0.000029 seconds.
  path: Assets/Sprites/UI/Title A.png
  artifactKey: Guid(5eb3dc571f726df4ca70d646fa738c6f) Importer(815301076,1909f56bfc062723c751e8b465ee728b)
Start importing Assets/Sprites/UI/Title A.png using Guid(5eb3dc571f726df4ca70d646fa738c6f) Importer(815301076,1909f56bfc062723c751e8b465ee728b)  -> (artifact id: 'adb98ca38a11784ba77617976724611e') in 0.045640 seconds
Number of updated asset objects reloaded before import = 0
Number of asset objects unloaded after import = 3
========================================================================
Received Import Request.
  Time since last request: 0.000037 seconds.
  path: Assets/Sprites/UI/Flag Icon.png
  artifactKey: Guid(117ac3b6821c43443a9a08cedc45c924) Importer(815301076,1909f56bfc062723c751e8b465ee728b)
Start importing Assets/Sprites/UI/Flag Icon.png using Guid(117ac3b6821c43443a9a08cedc45c924) Importer(815301076,1909f56bfc062723c751e8b465ee728b)  -> (artifact id: 'd619d217fa7a1bec51fafb48a4a9d26a') in 0.045024 seconds
Number of updated asset objects reloaded before import = 0
Number of asset objects unloaded after import = 3
========================================================================
Received Import Request.
  Time since last request: 0.000021 seconds.
  path: Assets/Sprites/UI/Switch Button A.png
  artifactKey: Guid(280e893e3e51cab4280bf73517cc0c97) Importer(815301076,1909f56bfc062723c751e8b465ee728b)
Start importing Assets/Sprites/UI/Switch Button A.png using Guid(280e893e3e51cab4280bf73517cc0c97) Importer(815301076,1909f56bfc062723c751e8b465ee728b)  -> (artifact id: '3c1abeeb381b9cb2d66437d7a431fa7b') in 0.057999 seconds
Number of updated asset objects reloaded before import = 0
Number of asset objects unloaded after import = 3
========================================================================
Received Import Request.
  Time since last request: 0.000024 seconds.
  path: Assets/Sprites/UI/Title Yellow.png
  artifactKey: Guid(51779eecbc657614bac5d0ce5f0bc7c5) Importer(815301076,1909f56bfc062723c751e8b465ee728b)
Start importing Assets/Sprites/UI/Title Yellow.png using Guid(51779eecbc657614bac5d0ce5f0bc7c5) Importer(815301076,1909f56bfc062723c751e8b465ee728b)  -> (artifact id: 'd02fbb7b31472e2d595d93421a50932a') in 0.050417 seconds
Number of updated asset objects reloaded before import = 0
Number of asset objects unloaded after import = 3
========================================================================
Received Import Request.
  Time since last request: 0.000027 seconds.
  path: Assets/Sprites/UI/Shield Colored.png
  artifactKey: Guid(6a02faf19ccb5754a8d5be64868dab83) Importer(815301076,1909f56bfc062723c751e8b465ee728b)
Start importing Assets/Sprites/UI/Shield Colored.png using Guid(6a02faf19ccb5754a8d5be64868dab83) Importer(815301076,1909f56bfc062723c751e8b465ee728b)  -> (artifact id: 'b26c72ee19ea6cf0884f6b0c6cfae834') in 0.048751 seconds
Number of updated asset objects reloaded before import = 0
Number of asset objects unloaded after import = 3
========================================================================
Received Import Request.
  Time since last request: 0.000031 seconds.
  path: Assets/Sprites/UI/Button B.png
  artifactKey: Guid(a9fd5512d0dc88347beb5022df18a4d8) Importer(815301076,1909f56bfc062723c751e8b465ee728b)
Start importing Assets/Sprites/UI/Button B.png using Guid(a9fd5512d0dc88347beb5022df18a4d8) Importer(815301076,1909f56bfc062723c751e8b465ee728b)  -> (artifact id: '851ae07bd4ab174157114b32effd9229') in 0.047993 seconds
Number of updated asset objects reloaded before import = 0
Number of asset objects unloaded after import = 3
========================================================================
Received Import Request.
  Time since last request: 0.000041 seconds.
  path: Assets/Sprites/UI/Question.png
  artifactKey: Guid(27f311b340556e74bbc8e8c97c0d3d28) Importer(815301076,1909f56bfc062723c751e8b465ee728b)
Start importing Assets/Sprites/UI/Question.png using Guid(27f311b340556e74bbc8e8c97c0d3d28) Importer(815301076,1909f56bfc062723c751e8b465ee728b)  -> (artifact id: '83ca0c43db01fcbb32b8c511091772c6') in 0.049486 seconds
Number of updated asset objects reloaded before import = 0
Number of asset objects unloaded after import = 3
========================================================================
Received Import Request.
  Time since last request: 0.000026 seconds.
  path: Assets/Sprites/UI/Frame C.png
  artifactKey: Guid(7c735ddb08e2d3e46abb8c940382024a) Importer(815301076,1909f56bfc062723c751e8b465ee728b)
Start importing Assets/Sprites/UI/Frame C.png using Guid(7c735ddb08e2d3e46abb8c940382024a) Importer(815301076,1909f56bfc062723c751e8b465ee728b)  -> (artifact id: '81d44e88c25285c7c24fd28b05bf27f4') in 0.053289 seconds
Number of updated asset objects reloaded before import = 0
Number of asset objects unloaded after import = 3
========================================================================
Received Import Request.
  Time since last request: 0.000021 seconds.
  path: Assets/Sprites/UI/+.png
  artifactKey: Guid(6b6ac9ced1cb18c4b972eefe968d20f9) Importer(815301076,1909f56bfc062723c751e8b465ee728b)
Start importing Assets/Sprites/UI/+.png using Guid(6b6ac9ced1cb18c4b972eefe968d20f9) Importer(815301076,1909f56bfc062723c751e8b465ee728b)  -> (artifact id: 'ee68c98f0c3bd6f88cbd3ef853e75f83') in 0.049161 seconds
Number of updated asset objects reloaded before import = 0
Number of asset objects unloaded after import = 3
========================================================================
Received Import Request.
  Time since last request: 0.000025 seconds.
  path: Assets/Sprites/UI/Slot Background.png
  artifactKey: Guid(6593c8a40928c2d45984d6c57e503d19) Importer(815301076,1909f56bfc062723c751e8b465ee728b)
Start importing Assets/Sprites/UI/Slot Background.png using Guid(6593c8a40928c2d45984d6c57e503d19) Importer(815301076,1909f56bfc062723c751e8b465ee728b)  -> (artifact id: '666fb2bc9d9ca4fa92437e8e43d021f1') in 0.050760 seconds
Number of updated asset objects reloaded before import = 0
Number of asset objects unloaded after import = 3
========================================================================
Received Import Request.
  Time since last request: 0.000023 seconds.
  path: Assets/Sprites/UI/Play.png
  artifactKey: Guid(ccff2fc4ba73139479d16efd25ecb412) Importer(815301076,1909f56bfc062723c751e8b465ee728b)
Start importing Assets/Sprites/UI/Play.png using Guid(ccff2fc4ba73139479d16efd25ecb412) Importer(815301076,1909f56bfc062723c751e8b465ee728b)  -> (artifact id: 'f2bcf421bc7af2e56710b67b12f5f7c6') in 0.047022 seconds
Number of updated asset objects reloaded before import = 0
Number of asset objects unloaded after import = 3
========================================================================
Received Import Request.
  Time since last request: 0.000034 seconds.
  path: Assets/Sprites/UI/Button D.png
  artifactKey: Guid(337679beb4d66e840a728a96ef8448ae) Importer(815301076,1909f56bfc062723c751e8b465ee728b)
Start importing Assets/Sprites/UI/Button D.png using Guid(337679beb4d66e840a728a96ef8448ae) Importer(815301076,1909f56bfc062723c751e8b465ee728b)  -> (artifact id: '503c42307cde683011051e4f6550ad25') in 0.052402 seconds
Number of updated asset objects reloaded before import = 0
Number of asset objects unloaded after import = 3
========================================================================
Received Import Request.
  Time since last request: 0.000039 seconds.
  path: Assets/Sprites/UI/Tick 2.png
  artifactKey: Guid(60f0377b83639c449bb217c575a93ac5) Importer(815301076,1909f56bfc062723c751e8b465ee728b)
Start importing Assets/Sprites/UI/Tick 2.png using Guid(60f0377b83639c449bb217c575a93ac5) Importer(815301076,1909f56bfc062723c751e8b465ee728b)  -> (artifact id: '1753c202f9d45162d4a5a0a761814f49') in 0.052209 seconds
Number of updated asset objects reloaded before import = 0
Number of asset objects unloaded after import = 3
========================================================================
Received Import Request.
  Time since last request: 0.000027 seconds.
  path: Assets/Sprites/UI/Fantasy Toon Bubble.ttf
  artifactKey: Guid(0e1520ba65b44364a818c7fbc86a17c0) Importer(815301076,1909f56bfc062723c751e8b465ee728b)
Start importing Assets/Sprites/UI/Fantasy Toon Bubble.ttf using Guid(0e1520ba65b44364a818c7fbc86a17c0) Importer(815301076,1909f56bfc062723c751e8b465ee728b)  -> (artifact id: 'f6cf7f44b1a4440d7492c6e732f9ada1') in 0.022731 seconds
Number of updated asset objects reloaded before import = 0
Number of asset objects unloaded after import = 4
========================================================================
Received Import Request.
  Time since last request: 0.000022 seconds.
  path: Assets/Sprites/UI/Helmet.png
  artifactKey: Guid(7ab0b81c05b17f642b098aa5cecdac5e) Importer(815301076,1909f56bfc062723c751e8b465ee728b)
Start importing Assets/Sprites/UI/Helmet.png using Guid(7ab0b81c05b17f642b098aa5cecdac5e) Importer(815301076,1909f56bfc062723c751e8b465ee728b)  -> (artifact id: '4bedcad3f109aed34780df074821ddf7') in 0.050969 seconds
Number of updated asset objects reloaded before import = 0
Number of asset objects unloaded after import = 3
========================================================================
Received Import Request.
  Time since last request: 0.000028 seconds.
  path: Assets/Sprites/UI/Replay.png
  artifactKey: Guid(5dfd7e042954a22419c9bbce79906dd5) Importer(815301076,1909f56bfc062723c751e8b465ee728b)
Start importing Assets/Sprites/UI/Replay.png using Guid(5dfd7e042954a22419c9bbce79906dd5) Importer(815301076,1909f56bfc062723c751e8b465ee728b)  -> (artifact id: '98ee6e0e8b0aa134f9fd1e352bd730e0') in 0.053430 seconds
Number of updated asset objects reloaded before import = 0
Number of asset objects unloaded after import = 3
========================================================================
Received Import Request.
  Time since last request: 0.000022 seconds.
  path: Assets/Sprites/UI
  artifactKey: Guid(4a6c69d41192f244c88952601a3f2575) Importer(815301076,1909f56bfc062723c751e8b465ee728b)
Start importing Assets/Sprites/UI using Guid(4a6c69d41192f244c88952601a3f2575) Importer(815301076,1909f56bfc062723c751e8b465ee728b)  -> (artifact id: '8c6cf8569a54fecebc5da91b5470b2bb') in 0.000825 seconds
Number of updated asset objects reloaded before import = 0
Number of asset objects unloaded after import = 0
========================================================================
Received Import Request.
  Time since last request: 0.000080 seconds.
  path: Assets/Sprites/UI/Border.png
  artifactKey: Guid(b94e67da8e86ab142971984539c677e4) Importer(815301076,1909f56bfc062723c751e8b465ee728b)
Start importing Assets/Sprites/UI/Border.png using Guid(b94e67da8e86ab142971984539c677e4) Importer(815301076,1909f56bfc062723c751e8b465ee728b)  -> (artifact id: 'cb108f4899f048db36046f923e5dd86a') in 0.054345 seconds
Number of updated asset objects reloaded before import = 0
Number of asset objects unloaded after import = 3
========================================================================
Received Import Request.
  Time since last request: 0.000028 seconds.
  path: Assets/Sprites/UI/Background.png
  artifactKey: Guid(bab4f76e2a19e4d40b272cad1f9ab0a1) Importer(815301076,1909f56bfc062723c751e8b465ee728b)
Start importing Assets/Sprites/UI/Background.png using Guid(bab4f76e2a19e4d40b272cad1f9ab0a1) Importer(815301076,1909f56bfc062723c751e8b465ee728b)  -> (artifact id: '7692ca3b09c470fdcaf405482a618185') in 0.073149 seconds
Number of updated asset objects reloaded before import = 0
Number of asset objects unloaded after import = 3
========================================================================
Received Import Request.
  Time since last request: 0.000039 seconds.
  path: Assets/Sprites/UI/Music.png
  artifactKey: Guid(688582cfcff129f499a591d052618f8f) Importer(815301076,1909f56bfc062723c751e8b465ee728b)
Start importing Assets/Sprites/UI/Music.png using Guid(688582cfcff129f499a591d052618f8f) Importer(815301076,1909f56bfc062723c751e8b465ee728b)  -> (artifact id: '0b9d1be0f9f6823cd59bc8f88011da87') in 0.054857 seconds
Number of updated asset objects reloaded before import = 0
Number of asset objects unloaded after import = 3
========================================================================
Received Import Request.
  Time since last request: 0.000028 seconds.
  path: Assets/Sprites/UI/Button E.png
  artifactKey: Guid(0466226edaedfd14990235cc31968be5) Importer(815301076,1909f56bfc062723c751e8b465ee728b)
Start importing Assets/Sprites/UI/Button E.png using Guid(0466226edaedfd14990235cc31968be5) Importer(815301076,1909f56bfc062723c751e8b465ee728b)  -> (artifact id: '2c8467854a44166727af3f0015b6cc71') in 0.055650 seconds
Number of updated asset objects reloaded before import = 0
Number of asset objects unloaded after import = 3
========================================================================
Received Import Request.
  Time since last request: 0.000034 seconds.
  path: Assets/Sprites/UI/Podest.png
  artifactKey: Guid(d950da23929687c42a8bda2f55bc7fd9) Importer(815301076,1909f56bfc062723c751e8b465ee728b)
Start importing Assets/Sprites/UI/Podest.png using Guid(d950da23929687c42a8bda2f55bc7fd9) Importer(815301076,1909f56bfc062723c751e8b465ee728b)  -> (artifact id: '418b6e296b18eeb98e71c48357c260a9') in 0.059376 seconds
Number of updated asset objects reloaded before import = 0
Number of asset objects unloaded after import = 3
========================================================================
Received Import Request.
  Time since last request: 0.000025 seconds.
  path: Assets/Sprites/UI/Button F.png
  artifactKey: Guid(c148ac407b616e34b8a3171bec5afc7d) Importer(815301076,1909f56bfc062723c751e8b465ee728b)
Start importing Assets/Sprites/UI/Button F.png using Guid(c148ac407b616e34b8a3171bec5afc7d) Importer(815301076,1909f56bfc062723c751e8b465ee728b)  -> (artifact id: '596a6d2f1806a7236814e568855b10f9') in 0.084767 seconds
Number of updated asset objects reloaded before import = 0
Number of asset objects unloaded after import = 3
========================================================================
Received Import Request.
  Time since last request: 0.000036 seconds.
  path: Assets/Sprites/UI/Controller.png
  artifactKey: Guid(8ae968a90f40a064c9873b4104f9bed2) Importer(815301076,1909f56bfc062723c751e8b465ee728b)
Start importing Assets/Sprites/UI/Controller.png using Guid(8ae968a90f40a064c9873b4104f9bed2) Importer(815301076,1909f56bfc062723c751e8b465ee728b)  -> (artifact id: 'bcd1c5ad3efcd1f82a4aa0f0e843154b') in 0.058757 seconds
Number of updated asset objects reloaded before import = 0
Number of asset objects unloaded after import = 3
========================================================================
Received Import Request.
  Time since last request: 0.000038 seconds.
  path: Assets/Sprites/UI/Switch Button B.png
  artifactKey: Guid(814beb20285b5a74fb7bc8db51a3b8cc) Importer(815301076,1909f56bfc062723c751e8b465ee728b)
Start importing Assets/Sprites/UI/Switch Button B.png using Guid(814beb20285b5a74fb7bc8db51a3b8cc) Importer(815301076,1909f56bfc062723c751e8b465ee728b)  -> (artifact id: '7012955da597cd8cf1aac788da1b2656') in 0.049444 seconds
Number of updated asset objects reloaded before import = 0
Number of asset objects unloaded after import = 3
========================================================================
Received Import Request.
  Time since last request: 221.922437 seconds.
  path: Assets/Sprites/UI/Game/2.png
  artifactKey: Guid(5cb029aab0fa27144a51693e87da6a79) Importer(815301076,1909f56bfc062723c751e8b465ee728b)
Start importing Assets/Sprites/UI/Game/2.png using Guid(5cb029aab0fa27144a51693e87da6a79) Importer(815301076,1909f56bfc062723c751e8b465ee728b)  -> (artifact id: '22e0ae387436dc21222b8744188b5a0d') in 0.040254 seconds
Number of updated asset objects reloaded before import = 0
Number of asset objects unloaded after import = 3
========================================================================
Received Import Request.
  Time since last request: 0.000032 seconds.
  path: Assets/Sprites/UI/Game/Rectangle Progress Bar Yellow.png
  artifactKey: Guid(c18e14cdafadc574c8b33cbd5f62c955) Importer(815301076,1909f56bfc062723c751e8b465ee728b)
Start importing Assets/Sprites/UI/Game/Rectangle Progress Bar Yellow.png using Guid(c18e14cdafadc574c8b33cbd5f62c955) Importer(815301076,1909f56bfc062723c751e8b465ee728b)  -> (artifact id: '1533380c663cf3f7c1664c1592f84700') in 0.042444 seconds
Number of updated asset objects reloaded before import = 0
Number of asset objects unloaded after import = 3
========================================================================
Received Import Request.
  Time since last request: 0.000038 seconds.
  path: Assets/Sprites/UI/Game/Barre de progression 2.png
  artifactKey: Guid(e3138a12a89af3c4e836b1b9b6d78ad2) Importer(815301076,1909f56bfc062723c751e8b465ee728b)
Start importing Assets/Sprites/UI/Game/Barre de progression 2.png using Guid(e3138a12a89af3c4e836b1b9b6d78ad2) Importer(815301076,1909f56bfc062723c751e8b465ee728b)  -> (artifact id: '5e020909a7320f5f07568070d197a646') in 0.038267 seconds
Number of updated asset objects reloaded before import = 0
Number of asset objects unloaded after import = 3
========================================================================
Received Import Request.
  Time since last request: 0.000032 seconds.
  path: Assets/Sprites/UI/Game/Press to.png
  artifactKey: Guid(f66169c1a0cbade4ea4c12ba8c87ccb4) Importer(815301076,1909f56bfc062723c751e8b465ee728b)
Start importing Assets/Sprites/UI/Game/Press to.png using Guid(f66169c1a0cbade4ea4c12ba8c87ccb4) Importer(815301076,1909f56bfc062723c751e8b465ee728b)  -> (artifact id: '901e2939b248e8be3fc1e968a2fa7a56') in 0.044530 seconds
Number of updated asset objects reloaded before import = 0
Number of asset objects unloaded after import = 3
========================================================================
Received Import Request.
  Time since last request: 0.000026 seconds.
  path: Assets/Sprites/UI/Game/Background Rectangle Progress Bar.png
  artifactKey: Guid(06e3d25b5cb2418409a5a6036e2d3ae9) Importer(815301076,1909f56bfc062723c751e8b465ee728b)
Start importing Assets/Sprites/UI/Game/Background Rectangle Progress Bar.png using Guid(06e3d25b5cb2418409a5a6036e2d3ae9) Importer(815301076,1909f56bfc062723c751e8b465ee728b)  -> (artifact id: '4a8278857fbaaf4b536107c293227230') in 0.040899 seconds
Number of updated asset objects reloaded before import = 0
Number of asset objects unloaded after import = 3
========================================================================
Received Import Request.
  Time since last request: 0.000032 seconds.
  path: Assets/Sprites/UI/Game/1000.png
  artifactKey: Guid(dbec6e4932e93d74fab6c3893ca94e9a) Importer(815301076,1909f56bfc062723c751e8b465ee728b)
Start importing Assets/Sprites/UI/Game/1000.png using Guid(dbec6e4932e93d74fab6c3893ca94e9a) Importer(815301076,1909f56bfc062723c751e8b465ee728b)  -> (artifact id: 'df247d31c8309a319788cbfc11b8aa78') in 0.045592 seconds
Number of updated asset objects reloaded before import = 0
Number of asset objects unloaded after import = 3
========================================================================
Received Import Request.
  Time since last request: 0.000034 seconds.
  path: Assets/Sprites/UI/Game/Bar Progress in game Green.png
  artifactKey: Guid(b68c26fc83e8ac643965410660e70bc7) Importer(815301076,1909f56bfc062723c751e8b465ee728b)
Start importing Assets/Sprites/UI/Game/Bar Progress in game Green.png using Guid(b68c26fc83e8ac643965410660e70bc7) Importer(815301076,1909f56bfc062723c751e8b465ee728b)  -> (artifact id: '670f6bbbbb606366f2e2ac7452219e5b') in 0.046841 seconds
Number of updated asset objects reloaded before import = 0
Number of asset objects unloaded after import = 3
========================================================================
Received Import Request.
  Time since last request: 0.000034 seconds.
  path: Assets/Sprites/UI/Game/Button Pub Continue.png
  artifactKey: Guid(345443d073f40e04ebeb130c2db0ab0d) Importer(815301076,1909f56bfc062723c751e8b465ee728b)
Start importing Assets/Sprites/UI/Game/Button Pub Continue.png using Guid(345443d073f40e04ebeb130c2db0ab0d) Importer(815301076,1909f56bfc062723c751e8b465ee728b)  -> (artifact id: 'bd7e45577ee25cf5eb82abf0cdcb6000') in 0.047154 seconds
Number of updated asset objects reloaded before import = 0
Number of asset objects unloaded after import = 3
========================================================================
Received Import Request.
  Time since last request: 0.000047 seconds.
  path: Assets/Sprites/UI/Game/Rectangle Progress Bar purple.png
  artifactKey: Guid(5187d864f570451478bee308838629d5) Importer(815301076,1909f56bfc062723c751e8b465ee728b)
Start importing Assets/Sprites/UI/Game/Rectangle Progress Bar purple.png using Guid(5187d864f570451478bee308838629d5) Importer(815301076,1909f56bfc062723c751e8b465ee728b)  -> (artifact id: 'fec5c21d7170a43b710816334e88ac91') in 0.046152 seconds
Number of updated asset objects reloaded before import = 0
Number of asset objects unloaded after import = 3
========================================================================
Received Import Request.
  Time since last request: 0.000032 seconds.
  path: Assets/Sprites/UI/Game/100.png
  artifactKey: Guid(d4d140ea59904d14d89031979967f620) Importer(815301076,1909f56bfc062723c751e8b465ee728b)
Start importing Assets/Sprites/UI/Game/100.png using Guid(d4d140ea59904d14d89031979967f620) Importer(815301076,1909f56bfc062723c751e8b465ee728b)  -> (artifact id: 'bb5e4b1f0802a19304b63611993832f4') in 0.048763 seconds
Number of updated asset objects reloaded before import = 0
Number of asset objects unloaded after import = 3
========================================================================
Received Import Request.
  Time since last request: 0.000027 seconds.
  path: Assets/Sprites/UI/Game/NO THANKS.png
  artifactKey: Guid(bdc2f989e2fb20e4f918f8650a2d116e) Importer(815301076,1909f56bfc062723c751e8b465ee728b)
Start importing Assets/Sprites/UI/Game/NO THANKS.png using Guid(bdc2f989e2fb20e4f918f8650a2d116e) Importer(815301076,1909f56bfc062723c751e8b465ee728b)  -> (artifact id: '9ed09a10350ee1f0f286e29d27202869') in 0.047842 seconds
Number of updated asset objects reloaded before import = 0
Number of asset objects unloaded after import = 3
========================================================================
Received Import Request.
  Time since last request: 0.000025 seconds.
  path: Assets/Sprites/UI/Game/Good.png
  artifactKey: Guid(6d4eaae8c34f8324889d96cc2054896a) Importer(815301076,1909f56bfc062723c751e8b465ee728b)
Start importing Assets/Sprites/UI/Game/Good.png using Guid(6d4eaae8c34f8324889d96cc2054896a) Importer(815301076,1909f56bfc062723c751e8b465ee728b)  -> (artifact id: 'aa6b694e60f682b58c880283e58c3791') in 0.050070 seconds
Number of updated asset objects reloaded before import = 0
Number of asset objects unloaded after import = 3
========================================================================
Received Import Request.
  Time since last request: 0.000018 seconds.
  path: Assets/Sprites/UI/Game/Progress Bar In Game 2.png
  artifactKey: Guid(db5cbda2099ae334d9c848cc1f250b01) Importer(815301076,1909f56bfc062723c751e8b465ee728b)
Start importing Assets/Sprites/UI/Game/Progress Bar In Game 2.png using Guid(db5cbda2099ae334d9c848cc1f250b01) Importer(815301076,1909f56bfc062723c751e8b465ee728b)  -> (artifact id: '8143ec36463d93703c1762e4a6637b7b') in 0.028810 seconds
Number of updated asset objects reloaded before import = 0
Number of asset objects unloaded after import = 3
========================================================================
Received Import Request.
  Time since last request: 0.000027 seconds.
  path: Assets/Sprites/UI/Game/10.png
  artifactKey: Guid(c19ccab772ebac34f921875c28d7678f) Importer(815301076,1909f56bfc062723c751e8b465ee728b)
Start importing Assets/Sprites/UI/Game/10.png using Guid(c19ccab772ebac34f921875c28d7678f) Importer(815301076,1909f56bfc062723c751e8b465ee728b)  -> (artifact id: '4a68af83f40d8841f31a022836966034') in 0.047061 seconds
Number of updated asset objects reloaded before import = 0
Number of asset objects unloaded after import = 3
========================================================================
Received Import Request.
  Time since last request: 0.000049 seconds.
  path: Assets/Sprites/UI/Game/Outline Bar Progress.png
  artifactKey: Guid(de84200f09eb9584bb767c07afd135c2) Importer(815301076,1909f56bfc062723c751e8b465ee728b)
Start importing Assets/Sprites/UI/Game/Outline Bar Progress.png using Guid(de84200f09eb9584bb767c07afd135c2) Importer(815301076,1909f56bfc062723c751e8b465ee728b)  -> (artifact id: '8a3f45479f0c7425a239b4e23560e34f') in 0.049405 seconds
Number of updated asset objects reloaded before import = 0
Number of asset objects unloaded after import = 3
========================================================================
Received Import Request.
  Time since last request: 0.000032 seconds.
  path: Assets/Sprites/UI/Game/200.png
  artifactKey: Guid(d1a82258925cdae438906f35a062c7a7) Importer(815301076,1909f56bfc062723c751e8b465ee728b)
Start importing Assets/Sprites/UI/Game/200.png using Guid(d1a82258925cdae438906f35a062c7a7) Importer(815301076,1909f56bfc062723c751e8b465ee728b)  -> (artifact id: 'aa8852efc638567d2926fecd2f2afd99') in 0.048832 seconds
Number of updated asset objects reloaded before import = 0
Number of asset objects unloaded after import = 3
========================================================================
Received Import Request.
  Time since last request: 0.000034 seconds.
  path: Assets/Sprites/UI/Game/Square Blue.png
  artifactKey: Guid(829212c20ba2ea642ac6037415712f87) Importer(815301076,1909f56bfc062723c751e8b465ee728b)
Start importing Assets/Sprites/UI/Game/Square Blue.png using Guid(829212c20ba2ea642ac6037415712f87) Importer(815301076,1909f56bfc062723c751e8b465ee728b)  -> (artifact id: '58391f4b1e151609ab2642ce972a78e6') in 0.055860 seconds
Number of updated asset objects reloaded before import = 0
Number of asset objects unloaded after import = 3
========================================================================
Received Import Request.
  Time since last request: 0.000053 seconds.
  path: Assets/Sprites/UI/Game/AWESOME___.png
  artifactKey: Guid(c157698b216a05048b989abfe25abae7) Importer(815301076,1909f56bfc062723c751e8b465ee728b)
Start importing Assets/Sprites/UI/Game/AWESOME___.png using Guid(c157698b216a05048b989abfe25abae7) Importer(815301076,1909f56bfc062723c751e8b465ee728b)  -> (artifact id: '1f0db3b58c7761023faa9e7f84bfd07f') in 0.050669 seconds
Number of updated asset objects reloaded before import = 0
Number of asset objects unloaded after import = 3
========================================================================
Received Import Request.
  Time since last request: 0.000028 seconds.
  path: Assets/Sprites/UI/Game/50.png
  artifactKey: Guid(d1c90863f2951c648a3b01f1be93faeb) Importer(815301076,1909f56bfc062723c751e8b465ee728b)
Start importing Assets/Sprites/UI/Game/50.png using Guid(d1c90863f2951c648a3b01f1be93faeb) Importer(815301076,1909f56bfc062723c751e8b465ee728b)  -> (artifact id: 'b63a9c39c456a769d79739af593c34b3') in 0.052468 seconds
Number of updated asset objects reloaded before import = 0
Number of asset objects unloaded after import = 3
========================================================================
Received Import Request.
  Time since last request: 0.000056 seconds.
  path: Assets/Sprites/UI/Game/Background Progress Bar in game.png
  artifactKey: Guid(7cc3b324388be164a80befd8ea03dcbb) Importer(815301076,1909f56bfc062723c751e8b465ee728b)
Start importing Assets/Sprites/UI/Game/Background Progress Bar in game.png using Guid(7cc3b324388be164a80befd8ea03dcbb) Importer(815301076,1909f56bfc062723c751e8b465ee728b)  -> (artifact id: '436a5bd5012ebff036128b16f918d81a') in 0.045148 seconds
Number of updated asset objects reloaded before import = 0
Number of asset objects unloaded after import = 3
========================================================================
Received Import Request.
  Time since last request: 0.000025 seconds.
  path: Assets/Sprites/UI/Game/Blue Elipse.png
  artifactKey: Guid(4c34247c750b47a4dad1638f382c2d32) Importer(815301076,1909f56bfc062723c751e8b465ee728b)
Start importing Assets/Sprites/UI/Game/Blue Elipse.png using Guid(4c34247c750b47a4dad1638f382c2d32) Importer(815301076,1909f56bfc062723c751e8b465ee728b)  -> (artifact id: '3a14b1ef1e38db5bb00a66d8af272d18') in 0.050656 seconds
Number of updated asset objects reloaded before import = 0
Number of asset objects unloaded after import = 3
========================================================================
Received Import Request.
  Time since last request: 0.000029 seconds.
  path: Assets/Sprites/UI/Game/Case level.png
  artifactKey: Guid(01399e0f1436ec846a1a6b24089a769f) Importer(815301076,1909f56bfc062723c751e8b465ee728b)
Start importing Assets/Sprites/UI/Game/Case level.png using Guid(01399e0f1436ec846a1a6b24089a769f) Importer(815301076,1909f56bfc062723c751e8b465ee728b)  -> (artifact id: '94eaa2763e4667eadde65ebec77eb95b') in 0.047733 seconds
Number of updated asset objects reloaded before import = 0
Number of asset objects unloaded after import = 3
========================================================================
Received Import Request.
  Time since last request: 0.000035 seconds.
  path: Assets/Sprites/UI/Game/5.png
  artifactKey: Guid(1d3a21db78f1bb346a288ec1cc48aa64) Importer(815301076,1909f56bfc062723c751e8b465ee728b)
Start importing Assets/Sprites/UI/Game/5.png using Guid(1d3a21db78f1bb346a288ec1cc48aa64) Importer(815301076,1909f56bfc062723c751e8b465ee728b)  -> (artifact id: '99a000c7a87ad4127241b4eecededa5e') in 0.041612 seconds
Number of updated asset objects reloaded before import = 0
Number of asset objects unloaded after import = 3
========================================================================
Received Import Request.
  Time since last request: 1.164482 seconds.
  path: Assets/Sprites/UI/Game/success.png
  artifactKey: Guid(5d79e8c081b45594d896d6b21816ae17) Importer(815301076,1909f56bfc062723c751e8b465ee728b)
Start importing Assets/Sprites/UI/Game/success.png using Guid(5d79e8c081b45594d896d6b21816ae17) Importer(815301076,1909f56bfc062723c751e8b465ee728b)  -> (artifact id: '1d43a1754e8853f26cf9b399c4c38bf2') in 0.061451 seconds
Number of updated asset objects reloaded before import = 0
Number of asset objects unloaded after import = 3
========================================================================
Received Import Request.
  Time since last request: 0.000028 seconds.
  path: Assets/Sprites/UI/Game/Tap to continue.png
  artifactKey: Guid(039761932fc40f146becf27c83435363) Importer(815301076,1909f56bfc062723c751e8b465ee728b)
Start importing Assets/Sprites/UI/Game/Tap to continue.png using Guid(039761932fc40f146becf27c83435363) Importer(815301076,1909f56bfc062723c751e8b465ee728b)  -> (artifact id: '537bea9657686d78e8a0f7f81938a164') in 0.033221 seconds
Number of updated asset objects reloaded before import = 0
Number of asset objects unloaded after import = 3
========================================================================
Received Import Request.
  Time since last request: 0.000027 seconds.
  path: Assets/Sprites/UI/Game/Waouh.png
  artifactKey: Guid(8462306cddb06ae4da0a7e49e1486e36) Importer(815301076,1909f56bfc062723c751e8b465ee728b)
Start importing Assets/Sprites/UI/Game/Waouh.png using Guid(8462306cddb06ae4da0a7e49e1486e36) Importer(815301076,1909f56bfc062723c751e8b465ee728b)  -> (artifact id: '13fee0baa9d2cced75c11752a458c359') in 0.035118 seconds
Number of updated asset objects reloaded before import = 0
Number of asset objects unloaded after import = 3
========================================================================
Received Import Request.
  Time since last request: 0.000028 seconds.
  path: Assets/Sprites/UI/Game/Triumph.png
  artifactKey: Guid(81418388f10631744b54f5ac8f2eba0c) Importer(815301076,1909f56bfc062723c751e8b465ee728b)
Start importing Assets/Sprites/UI/Game/Triumph.png using Guid(81418388f10631744b54f5ac8f2eba0c) Importer(815301076,1909f56bfc062723c751e8b465ee728b)  -> (artifact id: '793286830e5273c8dbf7f7cc935f4f8d') in 0.033751 seconds
Number of updated asset objects reloaded before import = 0
Number of asset objects unloaded after import = 3
========================================================================
Received Import Request.
  Time since last request: 4.815352 seconds.
  path: Assets/Sprites/UI/Home/Background Buttons Menu.png
  artifactKey: Guid(664532547e17b244499b6ddc142ebb62) Importer(815301076,1909f56bfc062723c751e8b465ee728b)
Start importing Assets/Sprites/UI/Home/Background Buttons Menu.png using Guid(664532547e17b244499b6ddc142ebb62) Importer(815301076,1909f56bfc062723c751e8b465ee728b)  -> (artifact id: '898376553a61ec8e89190bea1e3a63a9') in 0.064824 seconds
Number of updated asset objects reloaded before import = 0
Number of asset objects unloaded after import = 3
========================================================================
Received Import Request.
  Time since last request: 0.000026 seconds.
  path: Assets/Sprites/UI/Home/Bouton pub.png
  artifactKey: Guid(ccf259383fe22774ca377ca361679073) Importer(815301076,1909f56bfc062723c751e8b465ee728b)
Start importing Assets/Sprites/UI/Home/Bouton pub.png using Guid(ccf259383fe22774ca377ca361679073) Importer(815301076,1909f56bfc062723c751e8b465ee728b)  -> (artifact id: 'a29cb32b6474d7bc390b722d6d70f3cd') in 0.036768 seconds
Number of updated asset objects reloaded before import = 0
Number of asset objects unloaded after import = 3
========================================================================
Received Import Request.
  Time since last request: 0.000032 seconds.
  path: Assets/Sprites/UI/Home/Pop up Purple.png
  artifactKey: Guid(c0042521c3c102049b7a2612df7c9ae1) Importer(815301076,1909f56bfc062723c751e8b465ee728b)
Start importing Assets/Sprites/UI/Home/Pop up Purple.png using Guid(c0042521c3c102049b7a2612df7c9ae1) Importer(815301076,1909f56bfc062723c751e8b465ee728b)  -> (artifact id: '9c5823b1fc1de81996cb8fcd3d01b4e1') in 0.037214 seconds
Number of updated asset objects reloaded before import = 0
Number of asset objects unloaded after import = 3
========================================================================
Received Import Request.
  Time since last request: 0.000028 seconds.
  path: Assets/Sprites/UI/Home/Close Yellow.png
  artifactKey: Guid(5d63e2f130bccc74a8c34bf480357ba2) Importer(815301076,1909f56bfc062723c751e8b465ee728b)
Start importing Assets/Sprites/UI/Home/Close Yellow.png using Guid(5d63e2f130bccc74a8c34bf480357ba2) Importer(815301076,1909f56bfc062723c751e8b465ee728b)  -> (artifact id: 'ada8815a6a56b1529fde3dcaf96056a2') in 0.031616 seconds
Number of updated asset objects reloaded before import = 0
Number of asset objects unloaded after import = 3
========================================================================
Received Import Request.
  Time since last request: 0.000031 seconds.
  path: Assets/Sprites/UI/Home/Case Day 2.png
  artifactKey: Guid(fc35e0867b398054eb3b56a9cf51ebaa) Importer(815301076,1909f56bfc062723c751e8b465ee728b)
Start importing Assets/Sprites/UI/Home/Case Day 2.png using Guid(fc35e0867b398054eb3b56a9cf51ebaa) Importer(815301076,1909f56bfc062723c751e8b465ee728b)  -> (artifact id: '3ab9675c084ff7b9474dfcdf7bad30ed') in 0.036654 seconds
Number of updated asset objects reloaded before import = 0
Number of asset objects unloaded after import = 3
========================================================================
Received Import Request.
  Time since last request: 0.000018 seconds.
  path: Assets/Sprites/UI/Home/Common.png
  artifactKey: Guid(f3d8a9715b840df4c90c49cced8b8314) Importer(815301076,1909f56bfc062723c751e8b465ee728b)
Start importing Assets/Sprites/UI/Home/Common.png using Guid(f3d8a9715b840df4c90c49cced8b8314) Importer(815301076,1909f56bfc062723c751e8b465ee728b)  -> (artifact id: '6ed7b92b02799a4c80c0a7654579a7fd') in 0.033445 seconds
Number of updated asset objects reloaded before import = 0
Number of asset objects unloaded after import = 3
========================================================================
Received Import Request.
  Time since last request: 0.000017 seconds.
  path: Assets/Sprites/UI/Home/Gift.png
  artifactKey: Guid(71624b9883be6624ab1933a10dede27b) Importer(815301076,1909f56bfc062723c751e8b465ee728b)
Start importing Assets/Sprites/UI/Home/Gift.png using Guid(71624b9883be6624ab1933a10dede27b) Importer(815301076,1909f56bfc062723c751e8b465ee728b)  -> (artifact id: 'de2f21cb2aa0773c3414c4ab498320c3') in 0.037470 seconds
Number of updated asset objects reloaded before import = 0
Number of asset objects unloaded after import = 3
========================================================================
Received Import Request.
  Time since last request: 0.000023 seconds.
  path: Assets/Sprites/UI/Home/Daily.png
  artifactKey: Guid(030f15b1627e92349bafb211fa217726) Importer(815301076,1909f56bfc062723c751e8b465ee728b)
Start importing Assets/Sprites/UI/Home/Daily.png using Guid(030f15b1627e92349bafb211fa217726) Importer(815301076,1909f56bfc062723c751e8b465ee728b)  -> (artifact id: '898a2c778f24407dd920fa13d0183374') in 0.037390 seconds
Number of updated asset objects reloaded before import = 0
Number of asset objects unloaded after import = 3
========================================================================
Received Import Request.
  Time since last request: 0.000030 seconds.
  path: Assets/Sprites/UI/Home/Case Day 1.png
  artifactKey: Guid(efff13787579e7649939b29670d40a4b) Importer(815301076,1909f56bfc062723c751e8b465ee728b)
Start importing Assets/Sprites/UI/Home/Case Day 1.png using Guid(efff13787579e7649939b29670d40a4b) Importer(815301076,1909f56bfc062723c751e8b465ee728b)  -> (artifact id: '0380d77ad4689c1103f3ee647f0689eb') in 0.041276 seconds
Number of updated asset objects reloaded before import = 0
Number of asset objects unloaded after import = 3
========================================================================
Received Import Request.
  Time since last request: 0.000036 seconds.
  path: Assets/Sprites/UI/Home/Unlock random 2.png
  artifactKey: Guid(4477ec492a955414b9f41cb2a1886785) Importer(815301076,1909f56bfc062723c751e8b465ee728b)
Start importing Assets/Sprites/UI/Home/Unlock random 2.png using Guid(4477ec492a955414b9f41cb2a1886785) Importer(815301076,1909f56bfc062723c751e8b465ee728b)  -> (artifact id: 'cf5dd1c70592b93e38d905561f3f8549') in 0.041531 seconds
Number of updated asset objects reloaded before import = 0
Number of asset objects unloaded after import = 3
========================================================================
Received Import Request.
  Time since last request: 0.000042 seconds.
  path: Assets/Sprites/UI/Home/Radial Shine Purple.png
  artifactKey: Guid(78626c218f8cc8045a98334a862b41c9) Importer(815301076,1909f56bfc062723c751e8b465ee728b)
Start importing Assets/Sprites/UI/Home/Radial Shine Purple.png using Guid(78626c218f8cc8045a98334a862b41c9) Importer(815301076,1909f56bfc062723c751e8b465ee728b)  -> (artifact id: '3703f1f5dc0ba45138cc4814a739a6aa') in 0.042881 seconds
Number of updated asset objects reloaded before import = 0
Number of asset objects unloaded after import = 3
========================================================================
Received Import Request.
  Time since last request: 0.000025 seconds.
  path: Assets/Sprites/UI/Home/Legendary.png
  artifactKey: Guid(c91d42f62e06d8b43b930db46e9fb81d) Importer(815301076,1909f56bfc062723c751e8b465ee728b)
Start importing Assets/Sprites/UI/Home/Legendary.png using Guid(c91d42f62e06d8b43b930db46e9fb81d) Importer(815301076,1909f56bfc062723c751e8b465ee728b)  -> (artifact id: '0f9dfd64a92020f1c525aa228317f3b1') in 0.034090 seconds
Number of updated asset objects reloaded before import = 0
Number of asset objects unloaded after import = 3
========================================================================
Received Import Request.
  Time since last request: 0.000023 seconds.
  path: Assets/Sprites/UI/Home/Background Customize.png
  artifactKey: Guid(ea34a02283d71124cb3cae56094e5e65) Importer(815301076,1909f56bfc062723c751e8b465ee728b)
Start importing Assets/Sprites/UI/Home/Background Customize.png using Guid(ea34a02283d71124cb3cae56094e5e65) Importer(815301076,1909f56bfc062723c751e8b465ee728b)  -> (artifact id: '214970e148d1c45df79f812e6ccca142') in 0.058984 seconds
Number of updated asset objects reloaded before import = 0
Number of asset objects unloaded after import = 3
========================================================================
Received Import Request.
  Time since last request: 0.000023 seconds.
  path: Assets/Sprites/UI/Home/Case Select.png
  artifactKey: Guid(03b62a6533b97bf428f151a5820f3ec4) Importer(815301076,1909f56bfc062723c751e8b465ee728b)
Start importing Assets/Sprites/UI/Home/Case Select.png using Guid(03b62a6533b97bf428f151a5820f3ec4) Importer(815301076,1909f56bfc062723c751e8b465ee728b)  -> (artifact id: '500df5bfd92395cb8155c9dc8c82be66') in 0.042908 seconds
Number of updated asset objects reloaded before import = 0
Number of asset objects unloaded after import = 3
========================================================================
Received Import Request.
  Time since last request: 0.000031 seconds.
  path: Assets/Sprites/UI/Home/Haptic.png
  artifactKey: Guid(b9e6ef2934ebd164b9115e5b9f071c5f) Importer(815301076,1909f56bfc062723c751e8b465ee728b)
Start importing Assets/Sprites/UI/Home/Haptic.png using Guid(b9e6ef2934ebd164b9115e5b9f071c5f) Importer(815301076,1909f56bfc062723c751e8b465ee728b)  -> (artifact id: 'e77e22a12e020ccd3ee957be1c3537f4') in 0.038699 seconds
Number of updated asset objects reloaded before import = 0
Number of asset objects unloaded after import = 3
========================================================================
Received Import Request.
  Time since last request: 0.000031 seconds.
  path: Assets/Sprites/UI/Home/Icon Setting.png
  artifactKey: Guid(f18c148d709481248b386c10e695e1ed) Importer(815301076,1909f56bfc062723c751e8b465ee728b)
Start importing Assets/Sprites/UI/Home/Icon Setting.png using Guid(f18c148d709481248b386c10e695e1ed) Importer(815301076,1909f56bfc062723c751e8b465ee728b)  -> (artifact id: '4448f19cb6ba089425686a4a103ea281') in 0.041057 seconds
Number of updated asset objects reloaded before import = 0
Number of asset objects unloaded after import = 3
========================================================================
Received Import Request.
  Time since last request: 0.000046 seconds.
  path: Assets/Sprites/UI/Home/Case Unlock.png
  artifactKey: Guid(a40909543a92f234399ecd9f72def59d) Importer(815301076,1909f56bfc062723c751e8b465ee728b)
Start importing Assets/Sprites/UI/Home/Case Unlock.png using Guid(a40909543a92f234399ecd9f72def59d) Importer(815301076,1909f56bfc062723c751e8b465ee728b)  -> (artifact id: 'a0f8a85e3ade00f3193a83caf7eb5895') in 0.045066 seconds
Number of updated asset objects reloaded before import = 0
Number of asset objects unloaded after import = 3
========================================================================
Received Import Request.
  Time since last request: 0.000025 seconds.
  path: Assets/Sprites/UI/Home/Close Purple.png
  artifactKey: Guid(f9f00e28fa9c89d44a91c880a49c1b31) Importer(815301076,1909f56bfc062723c751e8b465ee728b)
Start importing Assets/Sprites/UI/Home/Close Purple.png using Guid(f9f00e28fa9c89d44a91c880a49c1b31) Importer(815301076,1909f56bfc062723c751e8b465ee728b)  -> (artifact id: 'ffa425b82af8f280a215de81a1534329') in 0.035866 seconds
Number of updated asset objects reloaded before import = 0
Number of asset objects unloaded after import = 3
========================================================================
Received Import Request.
  Time since last request: 0.000030 seconds.
  path: Assets/Sprites/UI/Home/Blue Square.png
  artifactKey: Guid(fbb809cd7e4fd064b8a63e71f85242d9) Importer(815301076,1909f56bfc062723c751e8b465ee728b)
Start importing Assets/Sprites/UI/Home/Blue Square.png using Guid(fbb809cd7e4fd064b8a63e71f85242d9) Importer(815301076,1909f56bfc062723c751e8b465ee728b)  -> (artifact id: '52e81203c755664c61411abceae6c510') in 0.046791 seconds
Number of updated asset objects reloaded before import = 0
Number of asset objects unloaded after import = 3
========================================================================
Received Import Request.
  Time since last request: 0.000053 seconds.
  path: Assets/Sprites/UI/Home/Close Background Customize.png
  artifactKey: Guid(946e04e6fbb597948879c3e5b1beb2cb) Importer(815301076,1909f56bfc062723c751e8b465ee728b)
Start importing Assets/Sprites/UI/Home/Close Background Customize.png using Guid(946e04e6fbb597948879c3e5b1beb2cb) Importer(815301076,1909f56bfc062723c751e8b465ee728b)  -> (artifact id: '68a985119cb677192a1b0bd2ff6594b0') in 0.047367 seconds
Number of updated asset objects reloaded before import = 0
Number of asset objects unloaded after import = 3
========================================================================
Received Import Request.
  Time since last request: 0.000059 seconds.
  path: Assets/Sprites/UI/Home/Sound.png
  artifactKey: Guid(47dcfff609dd89a4f9fe3db804083472) Importer(815301076,1909f56bfc062723c751e8b465ee728b)
Start importing Assets/Sprites/UI/Home/Sound.png using Guid(47dcfff609dd89a4f9fe3db804083472) Importer(815301076,1909f56bfc062723c751e8b465ee728b)  -> (artifact id: '6c6729e9d660dd833bd95d8412faad89') in 0.040274 seconds
Number of updated asset objects reloaded before import = 0
Number of asset objects unloaded after import = 3
========================================================================
Received Import Request.
  Time since last request: 0.000035 seconds.
  path: Assets/Sprites/UI/Home/Case Title Background Customize.png
  artifactKey: Guid(3614f313cf34f684b9d4e8d198231616) Importer(815301076,1909f56bfc062723c751e8b465ee728b)
Start importing Assets/Sprites/UI/Home/Case Title Background Customize.png using Guid(3614f313cf34f684b9d4e8d198231616) Importer(815301076,1909f56bfc062723c751e8b465ee728b)  -> (artifact id: 'eaefdeabf4dc0745990b3ea4e6583e28') in 0.042885 seconds
Number of updated asset objects reloaded before import = 0
Number of asset objects unloaded after import = 3
========================================================================
Received Import Request.
  Time since last request: 4.680217 seconds.
  path: Assets/Sprites/UI/Prize/Background Chest Prize Machine.png
  artifactKey: Guid(de99fcf249c21c84e99fb0525f3b89cf) Importer(815301076,1909f56bfc062723c751e8b465ee728b)
Start importing Assets/Sprites/UI/Prize/Background Chest Prize Machine.png using Guid(de99fcf249c21c84e99fb0525f3b89cf) Importer(815301076,1909f56bfc062723c751e8b465ee728b)  -> (artifact id: '3c4c68c98e659fc75cab2e0d7d2c0437') in 0.037843 seconds
Number of updated asset objects reloaded before import = 0
Number of asset objects unloaded after import = 3
========================================================================
Received Import Request.
  Time since last request: 0.000018 seconds.
  path: Assets/Sprites/UI/Prize/PRIZE MACHINE.png
  artifactKey: Guid(22e40ed50dfcbf74ca734b97bc024d28) Importer(815301076,1909f56bfc062723c751e8b465ee728b)
Start importing Assets/Sprites/UI/Prize/PRIZE MACHINE.png using Guid(22e40ed50dfcbf74ca734b97bc024d28) Importer(815301076,1909f56bfc062723c751e8b465ee728b)  -> (artifact id: 'c6d40a6a2329d4b3838d7e3cbec5e658') in 0.037433 seconds
Number of updated asset objects reloaded before import = 0
Number of asset objects unloaded after import = 3
========================================================================
Received Import Request.
  Time since last request: 0.000029 seconds.
  path: Assets/Sprites/UI/Prize/Case Chest Lock.png
  artifactKey: Guid(935a6df5c719b5b4182de43b9bf3fa05) Importer(815301076,1909f56bfc062723c751e8b465ee728b)
Start importing Assets/Sprites/UI/Prize/Case Chest Lock.png using Guid(935a6df5c719b5b4182de43b9bf3fa05) Importer(815301076,1909f56bfc062723c751e8b465ee728b)  -> (artifact id: '468b2246528bf140c0ce3c8a2ba5f9f3') in 0.039215 seconds
Number of updated asset objects reloaded before import = 0
Number of asset objects unloaded after import = 3
========================================================================
Received Import Request.
  Time since last request: 0.000030 seconds.
  path: Assets/Sprites/UI/Prize/Top Prize Approved.png
  artifactKey: Guid(bc7a212f06d9d2e4f8a45e3f33139b1b) Importer(815301076,1909f56bfc062723c751e8b465ee728b)
Start importing Assets/Sprites/UI/Prize/Top Prize Approved.png using Guid(bc7a212f06d9d2e4f8a45e3f33139b1b) Importer(815301076,1909f56bfc062723c751e8b465ee728b)  -> (artifact id: '961b393191afcdbbe7302a48e2712762') in 0.032255 seconds
Number of updated asset objects reloaded before import = 0
Number of asset objects unloaded after import = 3
========================================================================
Received Import Request.
  Time since last request: 0.000021 seconds.
  path: Assets/Sprites/UI/Prize/SELECT A CHEST.png
  artifactKey: Guid(900a697ea92209a4a98cd699c3ebbf37) Importer(815301076,1909f56bfc062723c751e8b465ee728b)
Start importing Assets/Sprites/UI/Prize/SELECT A CHEST.png using Guid(900a697ea92209a4a98cd699c3ebbf37) Importer(815301076,1909f56bfc062723c751e8b465ee728b)  -> (artifact id: '81d5148b7aaac442bb379cff3d8118d4') in 0.035002 seconds
Number of updated asset objects reloaded before import = 0
Number of asset objects unloaded after import = 3
========================================================================
Received Import Request.
  Time since last request: 3.694515 seconds.
  path: Assets/Sprites/UI/Win/Background Green.png
  artifactKey: Guid(0e7e23aae9879f6449e04ad82e89627c) Importer(815301076,1909f56bfc062723c751e8b465ee728b)
Start importing Assets/Sprites/UI/Win/Background Green.png using Guid(0e7e23aae9879f6449e04ad82e89627c) Importer(815301076,1909f56bfc062723c751e8b465ee728b)  -> (artifact id: '6a3459b3bf57e99ec9cfa123b913ab40') in 0.041770 seconds
Number of updated asset objects reloaded before import = 0
Number of asset objects unloaded after import = 3
========================================================================
Received Import Request.
  Time since last request: 0.000023 seconds.
  path: Assets/Sprites/UI/Win/Round Approved Level.png
  artifactKey: Guid(e593aa48f1252b943bd98c7364e67039) Importer(815301076,1909f56bfc062723c751e8b465ee728b)
Start importing Assets/Sprites/UI/Win/Round Approved Level.png using Guid(e593aa48f1252b943bd98c7364e67039) Importer(815301076,1909f56bfc062723c751e8b465ee728b)  -> (artifact id: 'bb7c2c4a9feed7f5d9e4a045f7918fd5') in 0.040019 seconds
Number of updated asset objects reloaded before import = 0
Number of asset objects unloaded after import = 3
========================================================================
Received Import Request.
  Time since last request: 0.000027 seconds.
  path: Assets/Sprites/UI/Win/Background Yellow.png
  artifactKey: Guid(acabd4b39943bb44086ec83810eedcfd) Importer(815301076,1909f56bfc062723c751e8b465ee728b)
Start importing Assets/Sprites/UI/Win/Background Yellow.png using Guid(acabd4b39943bb44086ec83810eedcfd) Importer(815301076,1909f56bfc062723c751e8b465ee728b)  -> (artifact id: 'f523ad5d71c576084d675483c4412271') in 0.039565 seconds
Number of updated asset objects reloaded before import = 0
Number of asset objects unloaded after import = 3
========================================================================
Received Import Request.
  Time since last request: 0.000018 seconds.
  path: Assets/Sprites/UI/Win/Rewards icon.png
  artifactKey: Guid(b445eadd4bbe558478af346a8a4a8490) Importer(815301076,1909f56bfc062723c751e8b465ee728b)
Start importing Assets/Sprites/UI/Win/Rewards icon.png using Guid(b445eadd4bbe558478af346a8a4a8490) Importer(815301076,1909f56bfc062723c751e8b465ee728b)  -> (artifact id: '3437f5d3a01997de216fbb65cae98a8f') in 0.040765 seconds
Number of updated asset objects reloaded before import = 0
Number of asset objects unloaded after import = 3
========================================================================
Received Import Request.
  Time since last request: 0.000022 seconds.
  path: Assets/Sprites/UI/Win/Round Level1.png
  artifactKey: Guid(719db591f18339b428572a7810768ceb) Importer(815301076,1909f56bfc062723c751e8b465ee728b)
Start importing Assets/Sprites/UI/Win/Round Level1.png using Guid(719db591f18339b428572a7810768ceb) Importer(815301076,1909f56bfc062723c751e8b465ee728b)  -> (artifact id: '97f9f460a862920af7b407286f0b9f15') in 0.036425 seconds
Number of updated asset objects reloaded before import = 0
Number of asset objects unloaded after import = 3
========================================================================
Received Import Request.
  Time since last request: 0.000042 seconds.
  path: Assets/Sprites/UI/Win/Background Purple.png
  artifactKey: Guid(e8137ccfd2767aa42809bf354608420e) Importer(815301076,1909f56bfc062723c751e8b465ee728b)
Start importing Assets/Sprites/UI/Win/Background Purple.png using Guid(e8137ccfd2767aa42809bf354608420e) Importer(815301076,1909f56bfc062723c751e8b465ee728b)  -> (artifact id: '9def685889c013f45ab56a19dad6d780') in 0.053562 seconds
Number of updated asset objects reloaded before import = 0
Number of asset objects unloaded after import = 3
========================================================================
Received Import Request.
  Time since last request: 0.000031 seconds.
  path: Assets/Sprites/UI/Win/Radial Shine Win.png
  artifactKey: Guid(31417ab71f2eb5849b47de621f5f81fe) Importer(815301076,1909f56bfc062723c751e8b465ee728b)
Start importing Assets/Sprites/UI/Win/Radial Shine Win.png using Guid(31417ab71f2eb5849b47de621f5f81fe) Importer(815301076,1909f56bfc062723c751e8b465ee728b)  -> (artifact id: 'eda9d91125e8d168e600942d8c9c9381') in 0.049001 seconds
Number of updated asset objects reloaded before import = 0
Number of asset objects unloaded after import = 3
========================================================================
Received Import Request.
  Time since last request: 0.000021 seconds.
  path: Assets/Sprites/UI/Win/Round Level2.png
  artifactKey: Guid(0e06b1c078c44454a85909526fc1a6e3) Importer(815301076,1909f56bfc062723c751e8b465ee728b)
Start importing Assets/Sprites/UI/Win/Round Level2.png using Guid(0e06b1c078c44454a85909526fc1a6e3) Importer(815301076,1909f56bfc062723c751e8b465ee728b)  -> (artifact id: '112d0abaf798f92518fac9aa1c59b34c') in 0.042778 seconds
Number of updated asset objects reloaded before import = 0
Number of asset objects unloaded after import = 3
========================================================================
Received Import Request.
  Time since last request: 585.962819 seconds.
  path: Assets/Sprites/UI/Buttons/Blue Button Claim.png
  artifactKey: Guid(0bd20eb5b953c7942b5d345086110e42) Importer(815301076,1909f56bfc062723c751e8b465ee728b)
Start importing Assets/Sprites/UI/Buttons/Blue Button Claim.png using Guid(0bd20eb5b953c7942b5d345086110e42) Importer(815301076,1909f56bfc062723c751e8b465ee728b)  -> (artifact id: '0f939e7a0bd7617314b6e7ffe32de0e8') in 0.035696 seconds
Number of updated asset objects reloaded before import = 0
Number of asset objects unloaded after import = 3
========================================================================
Received Import Request.
  Time since last request: 0.000042 seconds.
  path: Assets/Sprites/UI/Buttons/Button1.png
  artifactKey: Guid(c22efc3f2930429409681da68ddc3019) Importer(815301076,1909f56bfc062723c751e8b465ee728b)
Start importing Assets/Sprites/UI/Buttons/Button1.png using Guid(c22efc3f2930429409681da68ddc3019) Importer(815301076,1909f56bfc062723c751e8b465ee728b)  -> (artifact id: '10f449338b592c535d6c25bdf958b304') in 0.034791 seconds
Number of updated asset objects reloaded before import = 0
Number of asset objects unloaded after import = 3
========================================================================
Received Import Request.
  Time since last request: 0.000043 seconds.
  path: Assets/Sprites/UI/Buttons/Button2.png
  artifactKey: Guid(b77e64136c7b1404fbda896112c6c39a) Importer(815301076,1909f56bfc062723c751e8b465ee728b)
Start importing Assets/Sprites/UI/Buttons/Button2.png using Guid(b77e64136c7b1404fbda896112c6c39a) Importer(815301076,1909f56bfc062723c751e8b465ee728b)  -> (artifact id: '8d15e7b1a56cfaea7fc1971441c3fc6c') in 0.037267 seconds
Number of updated asset objects reloaded before import = 0
Number of asset objects unloaded after import = 3
========================================================================
Received Import Request.
  Time since last request: 0.000022 seconds.
  path: Assets/Sprites/UI/Buttons/Green Button Play.png
  artifactKey: Guid(3e9899da6293f804d928af5b41316f0d) Importer(815301076,1909f56bfc062723c751e8b465ee728b)
Start importing Assets/Sprites/UI/Buttons/Green Button Play.png using Guid(3e9899da6293f804d928af5b41316f0d) Importer(815301076,1909f56bfc062723c751e8b465ee728b)  -> (artifact id: 'e3bb230839525b13b2938c637bebb106') in 0.031231 seconds
Number of updated asset objects reloaded before import = 0
Number of asset objects unloaded after import = 3
========================================================================
Received Import Request.
  Time since last request: 0.000024 seconds.
  path: Assets/Sprites/UI/Buttons/Purple Button Go.png
  artifactKey: Guid(3701b3d82267b6347977cbd38d77969a) Importer(815301076,1909f56bfc062723c751e8b465ee728b)
Start importing Assets/Sprites/UI/Buttons/Purple Button Go.png using Guid(3701b3d82267b6347977cbd38d77969a) Importer(815301076,1909f56bfc062723c751e8b465ee728b)  -> (artifact id: 'e9bc781e2166a95c1f61dbf549f4f959') in 0.039654 seconds
Number of updated asset objects reloaded before import = 0
Number of asset objects unloaded after import = 3
========================================================================
Received Import Request.
  Time since last request: 0.000022 seconds.
  path: Assets/Sprites/UI/Buttons/Green Button Next.png
  artifactKey: Guid(00d1b2e4a729ac84083bcc42d652ed29) Importer(815301076,1909f56bfc062723c751e8b465ee728b)
Start importing Assets/Sprites/UI/Buttons/Green Button Next.png using Guid(00d1b2e4a729ac84083bcc42d652ed29) Importer(815301076,1909f56bfc062723c751e8b465ee728b)  -> (artifact id: '17349c64db8d96e5f7e53fdc39bff0d9') in 0.037517 seconds
Number of updated asset objects reloaded before import = 0
Number of asset objects unloaded after import = 3
========================================================================
Received Import Request.
  Time since last request: 0.000029 seconds.
  path: Assets/Sprites/UI/Buttons/Pub Purple Button Open.png
  artifactKey: Guid(3dc65e8631455cd4d8916520d3e2990b) Importer(815301076,1909f56bfc062723c751e8b465ee728b)
Start importing Assets/Sprites/UI/Buttons/Pub Purple Button Open.png using Guid(3dc65e8631455cd4d8916520d3e2990b) Importer(815301076,1909f56bfc062723c751e8b465ee728b)  -> (artifact id: '609061a9eed5e744c01738ba60487299') in 0.041320 seconds
Number of updated asset objects reloaded before import = 0
Number of asset objects unloaded after import = 3
========================================================================
Received Import Request.
  Time since last request: 0.000023 seconds.
  path: Assets/Sprites/UI/Buttons/Purple Button Open.png
  artifactKey: Guid(c620a070aa68db14295638283d8f963f) Importer(815301076,1909f56bfc062723c751e8b465ee728b)
Start importing Assets/Sprites/UI/Buttons/Purple Button Open.png using Guid(c620a070aa68db14295638283d8f963f) Importer(815301076,1909f56bfc062723c751e8b465ee728b)  -> (artifact id: 'e943a6a9c3a0082d457f7a5edb748633') in 0.037898 seconds
Number of updated asset objects reloaded before import = 0
Number of asset objects unloaded after import = 3
========================================================================
Received Import Request.
  Time since last request: 0.000028 seconds.
  path: Assets/Sprites/UI/Buttons/Pub Blue Button Skip.png
  artifactKey: Guid(33ef6e351262d8244b3ccac0303540d7) Importer(815301076,1909f56bfc062723c751e8b465ee728b)
Start importing Assets/Sprites/UI/Buttons/Pub Blue Button Skip.png using Guid(33ef6e351262d8244b3ccac0303540d7) Importer(815301076,1909f56bfc062723c751e8b465ee728b)  -> (artifact id: '21d8066549e9252b3006ccbd6a35ef01') in 0.038655 seconds
Number of updated asset objects reloaded before import = 0
Number of asset objects unloaded after import = 3
========================================================================
Received Import Request.
  Time since last request: 0.000036 seconds.
  path: Assets/Sprites/UI/Buttons/Pub Green Button Open.png
  artifactKey: Guid(2738152b439d83443bbb5c555410c9e9) Importer(815301076,1909f56bfc062723c751e8b465ee728b)
Start importing Assets/Sprites/UI/Buttons/Pub Green Button Open.png using Guid(2738152b439d83443bbb5c555410c9e9) Importer(815301076,1909f56bfc062723c751e8b465ee728b)  -> (artifact id: 'cd6331d0452693a4fa169a5142b28c2b') in 0.040749 seconds
Number of updated asset objects reloaded before import = 0
Number of asset objects unloaded after import = 3
========================================================================
Received Import Request.
  Time since last request: 0.000024 seconds.
  path: Assets/Sprites/UI/Buttons/Blue Button Start.png
  artifactKey: Guid(df27390d2f68d864a8d0d907559038cf) Importer(815301076,1909f56bfc062723c751e8b465ee728b)
Start importing Assets/Sprites/UI/Buttons/Blue Button Start.png using Guid(df27390d2f68d864a8d0d907559038cf) Importer(815301076,1909f56bfc062723c751e8b465ee728b)  -> (artifact id: '79bf4d7b84ba81cd767c076759dddd1a') in 0.036138 seconds
Number of updated asset objects reloaded before import = 0
Number of asset objects unloaded after import = 3
========================================================================
Received Import Request.
  Time since last request: 0.000030 seconds.
  path: Assets/Sprites/UI/Buttons/Pub Green Button Skip.png
  artifactKey: Guid(b022c627514338746950564b774c4ca9) Importer(815301076,1909f56bfc062723c751e8b465ee728b)
Start importing Assets/Sprites/UI/Buttons/Pub Green Button Skip.png using Guid(b022c627514338746950564b774c4ca9) Importer(815301076,1909f56bfc062723c751e8b465ee728b)  -> (artifact id: '134887a635e630b8b7f8a890d622fdcf') in 0.039128 seconds
Number of updated asset objects reloaded before import = 0
Number of asset objects unloaded after import = 3
========================================================================
Received Import Request.
  Time since last request: 0.000058 seconds.
  path: Assets/Sprites/UI/Buttons/Purple Button Claim.png
  artifactKey: Guid(c4331bb414f561844a2f235b04e04404) Importer(815301076,1909f56bfc062723c751e8b465ee728b)
Start importing Assets/Sprites/UI/Buttons/Purple Button Claim.png using Guid(c4331bb414f561844a2f235b04e04404) Importer(815301076,1909f56bfc062723c751e8b465ee728b)  -> (artifact id: '72684443b95242eb73675f66918360a9') in 0.042041 seconds
Number of updated asset objects reloaded before import = 0
Number of asset objects unloaded after import = 3
========================================================================
Received Import Request.
  Time since last request: 0.000024 seconds.
  path: Assets/Sprites/UI/Buttons/Pub Yellow Button Open.png
  artifactKey: Guid(37cda49eb47c1da41bcf972c88e6b5aa) Importer(815301076,1909f56bfc062723c751e8b465ee728b)
Start importing Assets/Sprites/UI/Buttons/Pub Yellow Button Open.png using Guid(37cda49eb47c1da41bcf972c88e6b5aa) Importer(815301076,1909f56bfc062723c751e8b465ee728b)  -> (artifact id: 'b993f1cf8853a8f44a02def09351c121') in 0.040055 seconds
Number of updated asset objects reloaded before import = 0
Number of asset objects unloaded after import = 3
========================================================================
Received Import Request.
  Time since last request: 0.000024 seconds.
  path: Assets/Sprites/UI/Buttons/Green Button Start.png
  artifactKey: Guid(f80113ee26c688340b312f1b4a0788ba) Importer(815301076,1909f56bfc062723c751e8b465ee728b)
Start importing Assets/Sprites/UI/Buttons/Green Button Start.png using Guid(f80113ee26c688340b312f1b4a0788ba) Importer(815301076,1909f56bfc062723c751e8b465ee728b)  -> (artifact id: 'ac1c934552a9f486944968d163fe5d68') in 0.039280 seconds
Number of updated asset objects reloaded before import = 0
Number of asset objects unloaded after import = 3
========================================================================
Received Import Request.
  Time since last request: 0.000024 seconds.
  path: Assets/Sprites/UI/Buttons/Blue Button Go.png
  artifactKey: Guid(e331f5ec78be0494bbedd5c512a6f739) Importer(815301076,1909f56bfc062723c751e8b465ee728b)
Start importing Assets/Sprites/UI/Buttons/Blue Button Go.png using Guid(e331f5ec78be0494bbedd5c512a6f739) Importer(815301076,1909f56bfc062723c751e8b465ee728b)  -> (artifact id: '603a12f0594053416c83c6987acc5975') in 0.042037 seconds
Number of updated asset objects reloaded before import = 0
Number of asset objects unloaded after import = 3
========================================================================
Received Import Request.
  Time since last request: 0.000031 seconds.
  path: Assets/Sprites/UI/Buttons/Green Button Open.png
  artifactKey: Guid(68e26dc779ccf9d46be51e13632635ec) Importer(815301076,1909f56bfc062723c751e8b465ee728b)
Start importing Assets/Sprites/UI/Buttons/Green Button Open.png using Guid(68e26dc779ccf9d46be51e13632635ec) Importer(815301076,1909f56bfc062723c751e8b465ee728b)  -> (artifact id: '8e43e36df2be3e75ba575297177eca14') in 0.038637 seconds
Number of updated asset objects reloaded before import = 0
Number of asset objects unloaded after import = 3
========================================================================
Received Import Request.
  Time since last request: 0.000024 seconds.
  path: Assets/Sprites/UI/Buttons/Blue Button Skip.png
  artifactKey: Guid(6d5ddaf9d30ea254687e1804686a2606) Importer(815301076,1909f56bfc062723c751e8b465ee728b)
Start importing Assets/Sprites/UI/Buttons/Blue Button Skip.png using Guid(6d5ddaf9d30ea254687e1804686a2606) Importer(815301076,1909f56bfc062723c751e8b465ee728b)  -> (artifact id: 'ec1f1ed853c50a7ce768ee5839af466e') in 0.041102 seconds
Number of updated asset objects reloaded before import = 0
Number of asset objects unloaded after import = 3
========================================================================
Received Import Request.
  Time since last request: 0.000025 seconds.
  path: Assets/Sprites/UI/Buttons/Button5.png
  artifactKey: Guid(6ef4f7b7567571a47a5f17f7e2c5423d) Importer(815301076,1909f56bfc062723c751e8b465ee728b)
Start importing Assets/Sprites/UI/Buttons/Button5.png using Guid(6ef4f7b7567571a47a5f17f7e2c5423d) Importer(815301076,1909f56bfc062723c751e8b465ee728b)  -> (artifact id: '29a4ec37d89916fb8d91ab0f062b187d') in 0.038095 seconds
Number of updated asset objects reloaded before import = 0
Number of asset objects unloaded after import = 3
========================================================================
Received Import Request.
  Time since last request: 0.000025 seconds.
  path: Assets/Sprites/UI/Buttons/Button3.png
  artifactKey: Guid(4e134730a112dec4e8467371c0aceda2) Importer(815301076,1909f56bfc062723c751e8b465ee728b)
Start importing Assets/Sprites/UI/Buttons/Button3.png using Guid(4e134730a112dec4e8467371c0aceda2) Importer(815301076,1909f56bfc062723c751e8b465ee728b)  -> (artifact id: 'f387474f09492a845f90b3a5a63ccfaa') in 0.046817 seconds
Number of updated asset objects reloaded before import = 0
Number of asset objects unloaded after import = 3
========================================================================
Received Import Request.
  Time since last request: 0.000028 seconds.
  path: Assets/Sprites/UI/Buttons/Button6.png
  artifactKey: Guid(681f5cfe0b3dcab4487b63a423f78fd3) Importer(815301076,1909f56bfc062723c751e8b465ee728b)
Start importing Assets/Sprites/UI/Buttons/Button6.png using Guid(681f5cfe0b3dcab4487b63a423f78fd3) Importer(815301076,1909f56bfc062723c751e8b465ee728b)  -> (artifact id: 'f83a0923364b4440eda1ce872d73b983') in 0.046356 seconds
Number of updated asset objects reloaded before import = 0
Number of asset objects unloaded after import = 3
========================================================================
Received Import Request.
  Time since last request: 0.000044 seconds.
  path: Assets/Sprites/UI/Buttons/Green Button Claim.png
  artifactKey: Guid(53b04564ee76a5f44a6eeb0443fd1fc9) Importer(815301076,1909f56bfc062723c751e8b465ee728b)
Start importing Assets/Sprites/UI/Buttons/Green Button Claim.png using Guid(53b04564ee76a5f44a6eeb0443fd1fc9) Importer(815301076,1909f56bfc062723c751e8b465ee728b)  -> (artifact id: '3b7b049977d27c4bce1907a61c11f3fd') in 0.038311 seconds
Number of updated asset objects reloaded before import = 0
Number of asset objects unloaded after import = 3
========================================================================
Received Import Request.
  Time since last request: 0.000048 seconds.
  path: Assets/Sprites/UI/Buttons/Purple Button Play.png
  artifactKey: Guid(70c70ad42cab3754bb007a8deeef9ca1) Importer(815301076,1909f56bfc062723c751e8b465ee728b)
Start importing Assets/Sprites/UI/Buttons/Purple Button Play.png using Guid(70c70ad42cab3754bb007a8deeef9ca1) Importer(815301076,1909f56bfc062723c751e8b465ee728b)  -> (artifact id: 'acc176b6de408e09c113573a6341204a') in 0.040085 seconds
Number of updated asset objects reloaded before import = 0
Number of asset objects unloaded after import = 3
========================================================================
Received Import Request.
  Time since last request: 58.598108 seconds.
  path: Assets/Sprites/UI/Buttons/Purple Button Start.png
  artifactKey: Guid(8c30c9d01d995b64ba81b32b88a3d150) Importer(815301076,1909f56bfc062723c751e8b465ee728b)
Start importing Assets/Sprites/UI/Buttons/Purple Button Start.png using Guid(8c30c9d01d995b64ba81b32b88a3d150) Importer(815301076,1909f56bfc062723c751e8b465ee728b)  -> (artifact id: '6620015e088af70cc4341bd515280dca') in 0.035894 seconds
Number of updated asset objects reloaded before import = 0
Number of asset objects unloaded after import = 3
========================================================================
Received Import Request.
  Time since last request: 0.000029 seconds.
  path: Assets/Sprites/UI/Buttons/Yellow Button Continue.png
  artifactKey: Guid(a1301347e4a8dc14b8201fd803fa5afe) Importer(815301076,1909f56bfc062723c751e8b465ee728b)
Start importing Assets/Sprites/UI/Buttons/Yellow Button Continue.png using Guid(a1301347e4a8dc14b8201fd803fa5afe) Importer(815301076,1909f56bfc062723c751e8b465ee728b)  -> (artifact id: '1ded91dae6aa913eff9d46448223e125') in 0.035346 seconds
Number of updated asset objects reloaded before import = 0
Number of asset objects unloaded after import = 3
========================================================================
Received Import Request.
  Time since last request: 0.000022 seconds.
  path: Assets/Sprites/UI/Buttons/Yellow Buton OK.png
  artifactKey: Guid(950cc223f0ccb454fbc465474d358735) Importer(815301076,1909f56bfc062723c751e8b465ee728b)
Start importing Assets/Sprites/UI/Buttons/Yellow Buton OK.png using Guid(950cc223f0ccb454fbc465474d358735) Importer(815301076,1909f56bfc062723c751e8b465ee728b)  -> (artifact id: '2a46a4950e3e5f9ccae33628b1e44896') in 0.036169 seconds
Number of updated asset objects reloaded before import = 0
Number of asset objects unloaded after import = 3
========================================================================
Received Import Request.
  Time since last request: 0.000028 seconds.
  path: Assets/Sprites/UI/Buttons/Yellow Button Next.png
  artifactKey: Guid(f2f7b7e8d5d1eda46a7c3468cdf85745) Importer(815301076,1909f56bfc062723c751e8b465ee728b)
Start importing Assets/Sprites/UI/Buttons/Yellow Button Next.png using Guid(f2f7b7e8d5d1eda46a7c3468cdf85745) Importer(815301076,1909f56bfc062723c751e8b465ee728b)  -> (artifact id: 'fc941f59ef7b566a1142ceb4d439bf4d') in 0.036760 seconds
Number of updated asset objects reloaded before import = 0
Number of asset objects unloaded after import = 3
========================================================================
Received Import Request.
  Time since last request: 0.000023 seconds.
  path: Assets/Sprites/UI/Buttons/Yellow Button Go.png
  artifactKey: Guid(83dfa67ee404b9347b5bfa9b2c711a94) Importer(815301076,1909f56bfc062723c751e8b465ee728b)
Start importing Assets/Sprites/UI/Buttons/Yellow Button Go.png using Guid(83dfa67ee404b9347b5bfa9b2c711a94) Importer(815301076,1909f56bfc062723c751e8b465ee728b)  -> (artifact id: 'b20c82f3b326d91554ba0ecc00326eee') in 0.037012 seconds
Number of updated asset objects reloaded before import = 0
Number of asset objects unloaded after import = 3
========================================================================
Received Import Request.
  Time since last request: 0.000026 seconds.
  path: Assets/Sprites/UI/Buttons/Ribbon 1.png
  artifactKey: Guid(ebc19c21f7b80b84f9e50b5f02a85aef) Importer(815301076,1909f56bfc062723c751e8b465ee728b)
Start importing Assets/Sprites/UI/Buttons/Ribbon 1.png using Guid(ebc19c21f7b80b84f9e50b5f02a85aef) Importer(815301076,1909f56bfc062723c751e8b465ee728b)  -> (artifact id: '36c58882492a50ac4e26b9f89687f0e4') in 0.039792 seconds
Number of updated asset objects reloaded before import = 0
Number of asset objects unloaded after import = 3
========================================================================
Received Import Request.
  Time since last request: 0.351567 seconds.
  path: Assets/Sprites/UI/Buttons/Yellow Button Play.png
  artifactKey: Guid(e9944d0ea1cca034bacab6d9c4305473) Importer(815301076,1909f56bfc062723c751e8b465ee728b)
Start importing Assets/Sprites/UI/Buttons/Yellow Button Play.png using Guid(e9944d0ea1cca034bacab6d9c4305473) Importer(815301076,1909f56bfc062723c751e8b465ee728b)  -> (artifact id: 'f6310df83adabf6fce8146dcc7904e18') in 0.054577 seconds
Number of updated asset objects reloaded before import = 0
Number of asset objects unloaded after import = 3
========================================================================
Received Import Request.
  Time since last request: 0.000022 seconds.
  path: Assets/Sprites/UI/Buttons/Yellow Button Skip.png
  artifactKey: Guid(b2a6ecc213f7c50489b483d21a3b67e6) Importer(815301076,1909f56bfc062723c751e8b465ee728b)
Start importing Assets/Sprites/UI/Buttons/Yellow Button Skip.png using Guid(b2a6ecc213f7c50489b483d21a3b67e6) Importer(815301076,1909f56bfc062723c751e8b465ee728b)  -> (artifact id: '6f7617b650f9b1a5176d76fb4366e2af') in 0.032096 seconds
Number of updated asset objects reloaded before import = 0
Number of asset objects unloaded after import = 3
